<?xml version="1.0" encoding="UTF-8"?>
<testng-results ignored="0" total="1" passed="1" failed="0" skipped="0">
  <reporter-output>
  </reporter-output>
  <suite started-at="2023-01-18T13:00:42 IST" name="Default suite" finished-at="2023-01-18T13:01:50 IST" duration-ms="68337">
    <groups>
    </groups>
    <test started-at="2023-01-18T13:00:42 IST" name="Default test" finished-at="2023-01-18T13:01:50 IST" duration-ms="68337">
      <class name="com.salesforce.testcases.TC008_EditContact">
        <test-method is-config="true" signature="startReport()[pri:0, instance:com.salesforce.testcases.TC008_EditContact@4722ef0c]" started-at="2023-01-18T13:00:41 IST" name="startReport" finished-at="2023-01-18T13:00:42 IST" duration-ms="715" status="PASS">
          <reporter-output>
          </reporter-output>
        </test-method> <!-- startReport -->
        <test-method is-config="true" signature="setValues()[pri:0, instance:com.salesforce.testcases.TC008_EditContact@4722ef0c]" started-at="2023-01-18T13:00:42 IST" name="setValues" finished-at="2023-01-18T13:00:42 IST" duration-ms="6" status="PASS">
          <reporter-output>
          </reporter-output>
        </test-method> <!-- setValues -->
        <test-method is-config="true" signature="startTestCase()[pri:0, instance:com.salesforce.testcases.TC008_EditContact@4722ef0c]" started-at="2023-01-18T13:00:42 IST" name="startTestCase" finished-at="2023-01-18T13:00:42 IST" duration-ms="29" status="PASS">
          <reporter-output>
          </reporter-output>
        </test-method> <!-- startTestCase -->
        <test-method is-config="true" signature="preCondition()[pri:0, instance:com.salesforce.testcases.TC008_EditContact@4722ef0c]" started-at="2023-01-18T13:00:45 IST" name="preCondition" finished-at="2023-01-18T13:00:55 IST" duration-ms="9840" status="PASS">
          <reporter-output>
          </reporter-output>
        </test-method> <!-- preCondition -->
        <test-method signature="runCreateContact(java.lang.String,java.lang.String)[pri:0, instance:com.salesforce.testcases.TC008_EditContact@4722ef0c]" started-at="2023-01-18T13:00:55 IST" name="runCreateContact" data-provider="fetchData" finished-at="2023-01-18T13:01:50 IST" duration-ms="55682" status="PASS">
          <params>
            <param index="0">
              <value>
                <![CDATA[Hari]]>
              </value>
            </param>
            <param index="1">
              <value>
                <![CDATA[8958302021]]>
              </value>
            </param>
          </params>
          <reporter-output>
          </reporter-output>
        </test-method> <!-- runCreateContact -->
        <test-method is-config="true" signature="endResult()[pri:0, instance:com.salesforce.testcases.TC008_EditContact@4722ef0c]" started-at="2023-01-18T13:01:51 IST" name="endResult" finished-at="2023-01-18T13:01:54 IST" duration-ms="3358" status="PASS">
          <reporter-output>
          </reporter-output>
        </test-method> <!-- endResult -->
      </class> <!-- com.salesforce.testcases.TC008_EditContact -->
    </test> <!-- Default test -->
  </suite> <!-- Default suite -->
</testng-results>
